<?xml version="1.0" encoding="UTF-8"?>
<testng-results skipped="0" failed="0" total="1" passed="1">
  <reporter-output>
  </reporter-output>
  <suite name="test.com.GoogleSearch" duration-ms="10789" started-at="2019-11-24T22:44:10Z" finished-at="2019-11-24T22:44:21Z">
    <groups>
    </groups>
    <test name="Command line test" duration-ms="10789" started-at="2019-11-24T22:44:10Z" finished-at="2019-11-24T22:44:21Z">
      <class name="test.com.GoogleSearch">
        <test-method status="PASS" signature="setUpClass()[pri:0, instance:test.com.GoogleSearch@49e4cb85]" name="setUpClass" is-config="true" duration-ms="16" started-at="2019-11-24T16:44:10Z" finished-at="2019-11-24T16:44:10Z">
          <reporter-output>
          </reporter-output>
        </test-method> <!-- setUpClass -->
        <test-method status="PASS" signature="setUpMethod()[pri:0, instance:test.com.GoogleSearch@49e4cb85]" name="setUpMethod" is-config="true" duration-ms="7861" started-at="2019-11-24T16:44:10Z" finished-at="2019-11-24T16:44:18Z">
          <reporter-output>
          </reporter-output>
        </test-method> <!-- setUpMethod -->
        <test-method status="PASS" signature="testSearch()[pri:0, instance:test.com.GoogleSearch@49e4cb85]" name="testSearch" duration-ms="2909" started-at="2019-11-24T16:44:18Z" finished-at="2019-11-24T16:44:21Z">
          <reporter-output>
          </reporter-output>
        </test-method> <!-- testSearch -->
        <test-method status="PASS" signature="tearDownMethod()[pri:0, instance:test.com.GoogleSearch@49e4cb85]" name="tearDownMethod" is-config="true" duration-ms="1" started-at="2019-11-24T16:44:21Z" finished-at="2019-11-24T16:44:21Z">
          <reporter-output>
          </reporter-output>
        </test-method> <!-- tearDownMethod -->
        <test-method status="PASS" signature="tearDownClass()[pri:0, instance:test.com.GoogleSearch@49e4cb85]" name="tearDownClass" is-config="true" duration-ms="0" started-at="2019-11-24T16:44:21Z" finished-at="2019-11-24T16:44:21Z">
          <reporter-output>
          </reporter-output>
        </test-method> <!-- tearDownClass -->
      </class> <!-- test.com.GoogleSearch -->
    </test> <!-- Command line test -->
  </suite> <!-- test.com.GoogleSearch -->
</testng-results>
